This is pdfTeX, Version 3.141592653-2.6-1.40.22 (TeX Live 2021/nixos.org) (preloaded format=pdflatex 1980.1.1)  14 APR 2023 15:15
entering extended mode
 restricted \write18 enabled.
 file:line:error style messages enabled.
 %&-line parsing enabled.
**problem.fr.tex
(./problem.fr.tex
LaTeX2e <2021-11-15> patch level 1
L3 programming layer <2022-02-24>
(/nix/store/bzxs6pkiwwpbp215w3lbdl24z9j6cmlp-texlive-combined-full-2021-final/s
hare/texmf/tex/latex/base/article.cls
Document Class: article 2021/10/04 v1.4n Standard LaTeX document class

(/nix/store/bzxs6pkiwwpbp215w3lbdl24z9j6cmlp-texlive-combined-full-2021-final/s
hare/texmf/tex/latex/base/size10.clo
File: size10.clo 2021/10/04 v1.4n Standard LaTeX file (size option)
)
\c@part=\count185
\c@section=\count186
\c@subsection=\count187
\c@subsubsection=\count188
\c@paragraph=\count189
\c@subparagraph=\count190
\c@figure=\count191
\c@table=\count192
\abovecaptionskip=\skip47
\belowcaptionskip=\skip48
\bibindent=\dimen138
)
(/nix/store/bzxs6pkiwwpbp215w3lbdl24z9j6cmlp-texlive-combined-full-2021-final/s
hare/texmf/tex/latex/pgf/frontendlayer/tikz.sty
(/nix/store/bzxs6pkiwwpbp215w3lbdl24z9j6cmlp-texlive-combined-full-2021-final/s
hare/texmf/tex/latex/pgf/basiclayer/pgf.sty
(/nix/store/bzxs6pkiwwpbp215w3lbdl24z9j6cmlp-texlive-combined-full-2021-final/s
hare/texmf/tex/latex/pgf/utilities/pgfrcs.sty
(/nix/store/bzxs6pkiwwpbp215w3lbdl24z9j6cmlp-texlive-combined-full-2021-final/s
hare/texmf/tex/generic/pgf/utilities/pgfutil-common.tex
\pgfutil@everybye=\toks16
\pgfutil@tempdima=\dimen139
\pgfutil@tempdimb=\dimen140

(/nix/store/bzxs6pkiwwpbp215w3lbdl24z9j6cmlp-texlive-combined-full-2021-final/s
hare/texmf/tex/generic/pgf/utilities/pgfutil-common-lists.tex))
(/nix/store/bzxs6pkiwwpbp215w3lbdl24z9j6cmlp-texlive-combined-full-2021-final/s
hare/texmf/tex/generic/pgf/utilities/pgfutil-latex.def
\pgfutil@abb=\box50
)
(/nix/store/bzxs6pkiwwpbp215w3lbdl24z9j6cmlp-texlive-combined-full-2021-final/s
hare/texmf/tex/generic/pgf/utilities/pgfrcs.code.tex
(/nix/store/bzxs6pkiwwpbp215w3lbdl24z9j6cmlp-texlive-combined-full-2021-final/s
hare/texmf/tex/generic/pgf/pgf.revision.tex)
Package: pgfrcs 2021/05/15 v3.1.9a (3.1.9a)
))
Package: pgf 2021/05/15 v3.1.9a (3.1.9a)

(/nix/store/bzxs6pkiwwpbp215w3lbdl24z9j6cmlp-texlive-combined-full-2021-final/s
hare/texmf/tex/latex/pgf/basiclayer/pgfcore.sty
(/nix/store/bzxs6pkiwwpbp215w3lbdl24z9j6cmlp-texlive-combined-full-2021-final/s
hare/texmf/tex/latex/graphics/graphicx.sty
Package: graphicx 2021/09/16 v1.2d Enhanced LaTeX Graphics (DPC,SPQR)

(/nix/store/bzxs6pkiwwpbp215w3lbdl24z9j6cmlp-texlive-combined-full-2021-final/s
hare/texmf/tex/latex/graphics/keyval.sty
Package: keyval 2014/10/28 v1.15 key=value parser (DPC)
\KV@toks@=\toks17
)
(/nix/store/bzxs6pkiwwpbp215w3lbdl24z9j6cmlp-texlive-combined-full-2021-final/s
hare/texmf/tex/latex/graphics/graphics.sty
Package: graphics 2021/03/04 v1.4d Standard LaTeX Graphics (DPC,SPQR)

(/nix/store/bzxs6pkiwwpbp215w3lbdl24z9j6cmlp-texlive-combined-full-2021-final/s
hare/texmf/tex/latex/graphics/trig.sty
Package: trig 2021/08/11 v1.11 sin cos tan (DPC)
)
(/nix/store/bzxs6pkiwwpbp215w3lbdl24z9j6cmlp-texlive-combined-full-2021-final/s
hare/texmf/tex/latex/graphics-cfg/graphics.cfg
File: graphics.cfg 2016/06/04 v1.11 sample graphics configuration
)
Package graphics Info: Driver file: pdftex.def on input line 107.

(/nix/store/bzxs6pkiwwpbp215w3lbdl24z9j6cmlp-texlive-combined-full-2021-final/s
hare/texmf/tex/latex/graphics-def/pdftex.def
File: pdftex.def 2020/10/05 v1.2a Graphics/color driver for pdftex
))
\Gin@req@height=\dimen141
\Gin@req@width=\dimen142
)
(/nix/store/bzxs6pkiwwpbp215w3lbdl24z9j6cmlp-texlive-combined-full-2021-final/s
hare/texmf/tex/latex/pgf/systemlayer/pgfsys.sty
(/nix/store/bzxs6pkiwwpbp215w3lbdl24z9j6cmlp-texlive-combined-full-2021-final/s
hare/texmf/tex/generic/pgf/systemlayer/pgfsys.code.tex
Package: pgfsys 2021/05/15 v3.1.9a (3.1.9a)

(/nix/store/bzxs6pkiwwpbp215w3lbdl24z9j6cmlp-texlive-combined-full-2021-final/s
hare/texmf/tex/generic/pgf/utilities/pgfkeys.code.tex
\pgfkeys@pathtoks=\toks18
\pgfkeys@temptoks=\toks19

(/nix/store/bzxs6pkiwwpbp215w3lbdl24z9j6cmlp-texlive-combined-full-2021-final/s
hare/texmf/tex/generic/pgf/utilities/pgfkeysfiltered.code.tex
\pgfkeys@tmptoks=\toks20
))
\pgf@x=\dimen143
\pgf@y=\dimen144
\pgf@xa=\dimen145
\pgf@ya=\dimen146
\pgf@xb=\dimen147
\pgf@yb=\dimen148
\pgf@xc=\dimen149
\pgf@yc=\dimen150
\pgf@xd=\dimen151
\pgf@yd=\dimen152
\w@pgf@writea=\write3
\r@pgf@reada=\read2
\c@pgf@counta=\count193
\c@pgf@countb=\count194
\c@pgf@countc=\count195
\c@pgf@countd=\count196
\t@pgf@toka=\toks21
\t@pgf@tokb=\toks22
\t@pgf@tokc=\toks23
\pgf@sys@id@count=\count197

(/nix/store/bzxs6pkiwwpbp215w3lbdl24z9j6cmlp-texlive-combined-full-2021-final/s
hare/texmf/tex/generic/pgf/systemlayer/pgf.cfg
File: pgf.cfg 2021/05/15 v3.1.9a (3.1.9a)
)
Driver file for pgf: pgfsys-pdftex.def

(/nix/store/bzxs6pkiwwpbp215w3lbdl24z9j6cmlp-texlive-combined-full-2021-final/s
hare/texmf/tex/generic/pgf/systemlayer/pgfsys-pdftex.def
File: pgfsys-pdftex.def 2021/05/15 v3.1.9a (3.1.9a)

(/nix/store/bzxs6pkiwwpbp215w3lbdl24z9j6cmlp-texlive-combined-full-2021-final/s
hare/texmf/tex/generic/pgf/systemlayer/pgfsys-common-pdf.def
File: pgfsys-common-pdf.def 2021/05/15 v3.1.9a (3.1.9a)
)))
(/nix/store/bzxs6pkiwwpbp215w3lbdl24z9j6cmlp-texlive-combined-full-2021-final/s
hare/texmf/tex/generic/pgf/systemlayer/pgfsyssoftpath.code.tex
File: pgfsyssoftpath.code.tex 2021/05/15 v3.1.9a (3.1.9a)
\pgfsyssoftpath@smallbuffer@items=\count198
\pgfsyssoftpath@bigbuffer@items=\count199
)
(/nix/store/bzxs6pkiwwpbp215w3lbdl24z9j6cmlp-texlive-combined-full-2021-final/s
hare/texmf/tex/generic/pgf/systemlayer/pgfsysprotocol.code.tex
File: pgfsysprotocol.code.tex 2021/05/15 v3.1.9a (3.1.9a)
))
(/nix/store/bzxs6pkiwwpbp215w3lbdl24z9j6cmlp-texlive-combined-full-2021-final/s
hare/texmf/tex/latex/xcolor/xcolor.sty
Package: xcolor 2021/10/31 v2.13 LaTeX color extensions (UK)

(/nix/store/bzxs6pkiwwpbp215w3lbdl24z9j6cmlp-texlive-combined-full-2021-final/s
hare/texmf/tex/latex/graphics-cfg/color.cfg
File: color.cfg 2016/01/02 v1.6 sample color configuration
)
Package xcolor Info: Driver file: pdftex.def on input line 227.
Package xcolor Info: Model `cmy' substituted by `cmy0' on input line 1352.
Package xcolor Info: Model `hsb' substituted by `rgb' on input line 1356.
Package xcolor Info: Model `RGB' extended on input line 1368.
Package xcolor Info: Model `HTML' substituted by `rgb' on input line 1370.
Package xcolor Info: Model `Hsb' substituted by `hsb' on input line 1371.
Package xcolor Info: Model `tHsb' substituted by `hsb' on input line 1372.
Package xcolor Info: Model `HSB' substituted by `hsb' on input line 1373.
Package xcolor Info: Model `Gray' substituted by `gray' on input line 1374.
Package xcolor Info: Model `wave' substituted by `hsb' on input line 1375.
)
(/nix/store/bzxs6pkiwwpbp215w3lbdl24z9j6cmlp-texlive-combined-full-2021-final/s
hare/texmf/tex/generic/pgf/basiclayer/pgfcore.code.tex
Package: pgfcore 2021/05/15 v3.1.9a (3.1.9a)

(/nix/store/bzxs6pkiwwpbp215w3lbdl24z9j6cmlp-texlive-combined-full-2021-final/s
hare/texmf/tex/generic/pgf/math/pgfmath.code.tex
(/nix/store/bzxs6pkiwwpbp215w3lbdl24z9j6cmlp-texlive-combined-full-2021-final/s
hare/texmf/tex/generic/pgf/math/pgfmathcalc.code.tex
(/nix/store/bzxs6pkiwwpbp215w3lbdl24z9j6cmlp-texlive-combined-full-2021-final/s
hare/texmf/tex/generic/pgf/math/pgfmathutil.code.tex)
(/nix/store/bzxs6pkiwwpbp215w3lbdl24z9j6cmlp-texlive-combined-full-2021-final/s
hare/texmf/tex/generic/pgf/math/pgfmathparser.code.tex
\pgfmath@dimen=\dimen153
\pgfmath@count=\count266
\pgfmath@box=\box51
\pgfmath@toks=\toks24
\pgfmath@stack@operand=\toks25
\pgfmath@stack@operation=\toks26
)
(/nix/store/bzxs6pkiwwpbp215w3lbdl24z9j6cmlp-texlive-combined-full-2021-final/s
hare/texmf/tex/generic/pgf/math/pgfmathfunctions.code.tex
(/nix/store/bzxs6pkiwwpbp215w3lbdl24z9j6cmlp-texlive-combined-full-2021-final/s
hare/texmf/tex/generic/pgf/math/pgfmathfunctions.basic.code.tex)
(/nix/store/bzxs6pkiwwpbp215w3lbdl24z9j6cmlp-texlive-combined-full-2021-final/s
hare/texmf/tex/generic/pgf/math/pgfmathfunctions.trigonometric.code.tex)
(/nix/store/bzxs6pkiwwpbp215w3lbdl24z9j6cmlp-texlive-combined-full-2021-final/s
hare/texmf/tex/generic/pgf/math/pgfmathfunctions.random.code.tex)
(/nix/store/bzxs6pkiwwpbp215w3lbdl24z9j6cmlp-texlive-combined-full-2021-final/s
hare/texmf/tex/generic/pgf/math/pgfmathfunctions.comparison.code.tex)
(/nix/store/bzxs6pkiwwpbp215w3lbdl24z9j6cmlp-texlive-combined-full-2021-final/s
hare/texmf/tex/generic/pgf/math/pgfmathfunctions.base.code.tex)
(/nix/store/bzxs6pkiwwpbp215w3lbdl24z9j6cmlp-texlive-combined-full-2021-final/s
hare/texmf/tex/generic/pgf/math/pgfmathfunctions.round.code.tex)
(/nix/store/bzxs6pkiwwpbp215w3lbdl24z9j6cmlp-texlive-combined-full-2021-final/s
hare/texmf/tex/generic/pgf/math/pgfmathfunctions.misc.code.tex)
(/nix/store/bzxs6pkiwwpbp215w3lbdl24z9j6cmlp-texlive-combined-full-2021-final/s
hare/texmf/tex/generic/pgf/math/pgfmathfunctions.integerarithmetics.code.tex)))

(/nix/store/bzxs6pkiwwpbp215w3lbdl24z9j6cmlp-texlive-combined-full-2021-final/s
hare/texmf/tex/generic/pgf/math/pgfmathfloat.code.tex
\c@pgfmathroundto@lastzeros=\count267
))
(/nix/store/bzxs6pkiwwpbp215w3lbdl24z9j6cmlp-texlive-combined-full-2021-final/s
hare/texmf/tex/generic/pgf/math/pgfint.code.tex)
(/nix/store/bzxs6pkiwwpbp215w3lbdl24z9j6cmlp-texlive-combined-full-2021-final/s
hare/texmf/tex/generic/pgf/basiclayer/pgfcorepoints.code.tex
File: pgfcorepoints.code.tex 2021/05/15 v3.1.9a (3.1.9a)
\pgf@picminx=\dimen154
\pgf@picmaxx=\dimen155
\pgf@picminy=\dimen156
\pgf@picmaxy=\dimen157
\pgf@pathminx=\dimen158
\pgf@pathmaxx=\dimen159
\pgf@pathminy=\dimen160
\pgf@pathmaxy=\dimen161
\pgf@xx=\dimen162
\pgf@xy=\dimen163
\pgf@yx=\dimen164
\pgf@yy=\dimen165
\pgf@zx=\dimen166
\pgf@zy=\dimen167
)
(/nix/store/bzxs6pkiwwpbp215w3lbdl24z9j6cmlp-texlive-combined-full-2021-final/s
hare/texmf/tex/generic/pgf/basiclayer/pgfcorepathconstruct.code.tex
File: pgfcorepathconstruct.code.tex 2021/05/15 v3.1.9a (3.1.9a)
\pgf@path@lastx=\dimen168
\pgf@path@lasty=\dimen169
)
(/nix/store/bzxs6pkiwwpbp215w3lbdl24z9j6cmlp-texlive-combined-full-2021-final/s
hare/texmf/tex/generic/pgf/basiclayer/pgfcorepathusage.code.tex
File: pgfcorepathusage.code.tex 2021/05/15 v3.1.9a (3.1.9a)
\pgf@shorten@end@additional=\dimen170
\pgf@shorten@start@additional=\dimen171
)
(/nix/store/bzxs6pkiwwpbp215w3lbdl24z9j6cmlp-texlive-combined-full-2021-final/s
hare/texmf/tex/generic/pgf/basiclayer/pgfcorescopes.code.tex
File: pgfcorescopes.code.tex 2021/05/15 v3.1.9a (3.1.9a)
\pgfpic=\box52
\pgf@hbox=\box53
\pgf@layerbox@main=\box54
\pgf@picture@serial@count=\count268
)
(/nix/store/bzxs6pkiwwpbp215w3lbdl24z9j6cmlp-texlive-combined-full-2021-final/s
hare/texmf/tex/generic/pgf/basiclayer/pgfcoregraphicstate.code.tex
File: pgfcoregraphicstate.code.tex 2021/05/15 v3.1.9a (3.1.9a)
\pgflinewidth=\dimen172
)
(/nix/store/bzxs6pkiwwpbp215w3lbdl24z9j6cmlp-texlive-combined-full-2021-final/s
hare/texmf/tex/generic/pgf/basiclayer/pgfcoretransformations.code.tex
File: pgfcoretransformations.code.tex 2021/05/15 v3.1.9a (3.1.9a)
\pgf@pt@x=\dimen173
\pgf@pt@y=\dimen174
\pgf@pt@temp=\dimen175
)
(/nix/store/bzxs6pkiwwpbp215w3lbdl24z9j6cmlp-texlive-combined-full-2021-final/s
hare/texmf/tex/generic/pgf/basiclayer/pgfcorequick.code.tex
File: pgfcorequick.code.tex 2021/05/15 v3.1.9a (3.1.9a)
)
(/nix/store/bzxs6pkiwwpbp215w3lbdl24z9j6cmlp-texlive-combined-full-2021-final/s
hare/texmf/tex/generic/pgf/basiclayer/pgfcoreobjects.code.tex
File: pgfcoreobjects.code.tex 2021/05/15 v3.1.9a (3.1.9a)
)
(/nix/store/bzxs6pkiwwpbp215w3lbdl24z9j6cmlp-texlive-combined-full-2021-final/s
hare/texmf/tex/generic/pgf/basiclayer/pgfcorepathprocessing.code.tex
File: pgfcorepathprocessing.code.tex 2021/05/15 v3.1.9a (3.1.9a)
)
(/nix/store/bzxs6pkiwwpbp215w3lbdl24z9j6cmlp-texlive-combined-full-2021-final/s
hare/texmf/tex/generic/pgf/basiclayer/pgfcorearrows.code.tex
File: pgfcorearrows.code.tex 2021/05/15 v3.1.9a (3.1.9a)
\pgfarrowsep=\dimen176
)
(/nix/store/bzxs6pkiwwpbp215w3lbdl24z9j6cmlp-texlive-combined-full-2021-final/s
hare/texmf/tex/generic/pgf/basiclayer/pgfcoreshade.code.tex
File: pgfcoreshade.code.tex 2021/05/15 v3.1.9a (3.1.9a)
\pgf@max=\dimen177
\pgf@sys@shading@range@num=\count269
\pgf@shadingcount=\count270
)
(/nix/store/bzxs6pkiwwpbp215w3lbdl24z9j6cmlp-texlive-combined-full-2021-final/s
hare/texmf/tex/generic/pgf/basiclayer/pgfcoreimage.code.tex
File: pgfcoreimage.code.tex 2021/05/15 v3.1.9a (3.1.9a)

(/nix/store/bzxs6pkiwwpbp215w3lbdl24z9j6cmlp-texlive-combined-full-2021-final/s
hare/texmf/tex/generic/pgf/basiclayer/pgfcoreexternal.code.tex
File: pgfcoreexternal.code.tex 2021/05/15 v3.1.9a (3.1.9a)
\pgfexternal@startupbox=\box55
))
(/nix/store/bzxs6pkiwwpbp215w3lbdl24z9j6cmlp-texlive-combined-full-2021-final/s
hare/texmf/tex/generic/pgf/basiclayer/pgfcorelayers.code.tex
File: pgfcorelayers.code.tex 2021/05/15 v3.1.9a (3.1.9a)
)
(/nix/store/bzxs6pkiwwpbp215w3lbdl24z9j6cmlp-texlive-combined-full-2021-final/s
hare/texmf/tex/generic/pgf/basiclayer/pgfcoretransparency.code.tex
File: pgfcoretransparency.code.tex 2021/05/15 v3.1.9a (3.1.9a)
)
(/nix/store/bzxs6pkiwwpbp215w3lbdl24z9j6cmlp-texlive-combined-full-2021-final/s
hare/texmf/tex/generic/pgf/basiclayer/pgfcorepatterns.code.tex
File: pgfcorepatterns.code.tex 2021/05/15 v3.1.9a (3.1.9a)
)
(/nix/store/bzxs6pkiwwpbp215w3lbdl24z9j6cmlp-texlive-combined-full-2021-final/s
hare/texmf/tex/generic/pgf/basiclayer/pgfcorerdf.code.tex
File: pgfcorerdf.code.tex 2021/05/15 v3.1.9a (3.1.9a)
)))
(/nix/store/bzxs6pkiwwpbp215w3lbdl24z9j6cmlp-texlive-combined-full-2021-final/s
hare/texmf/tex/generic/pgf/modules/pgfmoduleshapes.code.tex
File: pgfmoduleshapes.code.tex 2021/05/15 v3.1.9a (3.1.9a)
\pgfnodeparttextbox=\box56
)
(/nix/store/bzxs6pkiwwpbp215w3lbdl24z9j6cmlp-texlive-combined-full-2021-final/s
hare/texmf/tex/generic/pgf/modules/pgfmoduleplot.code.tex
File: pgfmoduleplot.code.tex 2021/05/15 v3.1.9a (3.1.9a)
)
(/nix/store/bzxs6pkiwwpbp215w3lbdl24z9j6cmlp-texlive-combined-full-2021-final/s
hare/texmf/tex/latex/pgf/compatibility/pgfcomp-version-0-65.sty
Package: pgfcomp-version-0-65 2021/05/15 v3.1.9a (3.1.9a)
\pgf@nodesepstart=\dimen178
\pgf@nodesepend=\dimen179
)
(/nix/store/bzxs6pkiwwpbp215w3lbdl24z9j6cmlp-texlive-combined-full-2021-final/s
hare/texmf/tex/latex/pgf/compatibility/pgfcomp-version-1-18.sty
Package: pgfcomp-version-1-18 2021/05/15 v3.1.9a (3.1.9a)
))
(/nix/store/bzxs6pkiwwpbp215w3lbdl24z9j6cmlp-texlive-combined-full-2021-final/s
hare/texmf/tex/latex/pgf/utilities/pgffor.sty
(/nix/store/bzxs6pkiwwpbp215w3lbdl24z9j6cmlp-texlive-combined-full-2021-final/s
hare/texmf/tex/latex/pgf/utilities/pgfkeys.sty
(/nix/store/bzxs6pkiwwpbp215w3lbdl24z9j6cmlp-texlive-combined-full-2021-final/s
hare/texmf/tex/generic/pgf/utilities/pgfkeys.code.tex))
(/nix/store/bzxs6pkiwwpbp215w3lbdl24z9j6cmlp-texlive-combined-full-2021-final/s
hare/texmf/tex/latex/pgf/math/pgfmath.sty
(/nix/store/bzxs6pkiwwpbp215w3lbdl24z9j6cmlp-texlive-combined-full-2021-final/s
hare/texmf/tex/generic/pgf/math/pgfmath.code.tex))
(/nix/store/bzxs6pkiwwpbp215w3lbdl24z9j6cmlp-texlive-combined-full-2021-final/s
hare/texmf/tex/generic/pgf/utilities/pgffor.code.tex
Package: pgffor 2021/05/15 v3.1.9a (3.1.9a)

(/nix/store/bzxs6pkiwwpbp215w3lbdl24z9j6cmlp-texlive-combined-full-2021-final/s
hare/texmf/tex/generic/pgf/math/pgfmath.code.tex)
\pgffor@iter=\dimen180
\pgffor@skip=\dimen181
\pgffor@stack=\toks27
\pgffor@toks=\toks28
))
(/nix/store/bzxs6pkiwwpbp215w3lbdl24z9j6cmlp-texlive-combined-full-2021-final/s
hare/texmf/tex/generic/pgf/frontendlayer/tikz/tikz.code.tex
Package: tikz 2021/05/15 v3.1.9a (3.1.9a)

(/nix/store/bzxs6pkiwwpbp215w3lbdl24z9j6cmlp-texlive-combined-full-2021-final/s
hare/texmf/tex/generic/pgf/libraries/pgflibraryplothandlers.code.tex
File: pgflibraryplothandlers.code.tex 2021/05/15 v3.1.9a (3.1.9a)
\pgf@plot@mark@count=\count271
\pgfplotmarksize=\dimen182
)
\tikz@lastx=\dimen183
\tikz@lasty=\dimen184
\tikz@lastxsaved=\dimen185
\tikz@lastysaved=\dimen186
\tikz@lastmovetox=\dimen187
\tikz@lastmovetoy=\dimen188
\tikzleveldistance=\dimen189
\tikzsiblingdistance=\dimen190
\tikz@figbox=\box57
\tikz@figbox@bg=\box58
\tikz@tempbox=\box59
\tikz@tempbox@bg=\box60
\tikztreelevel=\count272
\tikznumberofchildren=\count273
\tikznumberofcurrentchild=\count274
\tikz@fig@count=\count275

(/nix/store/bzxs6pkiwwpbp215w3lbdl24z9j6cmlp-texlive-combined-full-2021-final/s
hare/texmf/tex/generic/pgf/modules/pgfmodulematrix.code.tex
File: pgfmodulematrix.code.tex 2021/05/15 v3.1.9a (3.1.9a)
\pgfmatrixcurrentrow=\count276
\pgfmatrixcurrentcolumn=\count277
\pgf@matrix@numberofcolumns=\count278
)
\tikz@expandcount=\count279

(/nix/store/bzxs6pkiwwpbp215w3lbdl24z9j6cmlp-texlive-combined-full-2021-final/s
hare/texmf/tex/generic/pgf/frontendlayer/tikz/libraries/tikzlibrarytopaths.code
.tex
File: tikzlibrarytopaths.code.tex 2021/05/15 v3.1.9a (3.1.9a)
)))
(/nix/store/bzxs6pkiwwpbp215w3lbdl24z9j6cmlp-texlive-combined-full-2021-final/s
hare/texmf/tex/latex/l3backend/l3backend-pdftex.def
File: l3backend-pdftex.def 2022-02-07 L3 backend support: PDF output (pdfTeX)
\l__color_backend_stack_int=\count280
\l__pdf_internal_box=\box61
) (./problem.fr.aux)
\openout1 = `problem.fr.aux'.

LaTeX Font Info:    Checking defaults for OML/cmm/m/it on input line 3.
LaTeX Font Info:    ... okay on input line 3.
LaTeX Font Info:    Checking defaults for OMS/cmsy/m/n on input line 3.
LaTeX Font Info:    ... okay on input line 3.
LaTeX Font Info:    Checking defaults for OT1/cmr/m/n on input line 3.
LaTeX Font Info:    ... okay on input line 3.
LaTeX Font Info:    Checking defaults for T1/cmr/m/n on input line 3.
LaTeX Font Info:    ... okay on input line 3.
LaTeX Font Info:    Checking defaults for TS1/cmr/m/n on input line 3.
LaTeX Font Info:    ... okay on input line 3.
LaTeX Font Info:    Checking defaults for OMX/cmex/m/n on input line 3.
LaTeX Font Info:    ... okay on input line 3.
LaTeX Font Info:    Checking defaults for U/cmr/m/n on input line 3.
LaTeX Font Info:    ... okay on input line 3.

(/nix/store/bzxs6pkiwwpbp215w3lbdl24z9j6cmlp-texlive-combined-full-2021-final/s
hare/texmf/tex/context/base/mkii/supp-pdf.mkii
[Loading MPS to PDF converter (version 2006.09.02).]
\scratchcounter=\count281
\scratchdimen=\dimen191
\scratchbox=\box62
\nofMPsegments=\count282
\nofMParguments=\count283
\everyMPshowfont=\toks29
\MPscratchCnt=\count284
\MPscratchDim=\dimen192
\MPnumerator=\count285
\makeMPintoPDFobject=\count286
\everyMPtoPDFconversion=\toks30
)
(/nix/store/bzxs6pkiwwpbp215w3lbdl24z9j6cmlp-texlive-combined-full-2021-final/s
hare/texmf/tex/latex/epstopdf-pkg/epstopdf-base.sty
Package: epstopdf-base 2020-01-24 v2.11 Base part for package epstopdf
Package epstopdf-base Info: Redefining graphics rule for `.eps' on input line 4
85.

(/nix/store/bzxs6pkiwwpbp215w3lbdl24z9j6cmlp-texlive-combined-full-2021-final/s
hare/texmf/tex/latex/latexconfig/epstopdf-sys.cfg
File: epstopdf-sys.cfg 2010/07/13 v1.3 Configuration of (r)epstopdf for TeX Liv
e
))
Underfull \hbox (badness 10000) in paragraph at lines 7--8

 []

LaTeX Font Info:    External font `cmex10' loaded for size
(Font)              <7> on input line 45.
LaTeX Font Info:    External font `cmex10' loaded for size
(Font)              <5> on input line 45.
[1

{/nix/store/bzxs6pkiwwpbp215w3lbdl24z9j6cmlp-texlive-combined-full-2021-final/s
hare/texmf-var/fonts/map/pdftex/updmap/pdftex.map}] [2] (./problem.fr.aux) ) 
Here is how much of TeX's memory you used:
 11800 strings out of 478278
 258419 string characters out of 5819600
 515604 words of memory out of 5000000
 29839 multiletter control sequences out of 15000+600000
 470210 words of font info for 31 fonts, out of 8000000 for 9000
 1141 hyphenation exceptions out of 8191
 100i,8n,104p,409b,682s stack positions out of 5000i,500n,10000p,200000b,80000s
</n
ix/store/bzxs6pkiwwpbp215w3lbdl24z9j6cmlp-texlive-combined-full-2021-final/shar
e/texmf/fonts/type1/public/amsfonts/cm/cmbx12.pfb></nix/store/bzxs6pkiwwpbp215w
3lbdl24z9j6cmlp-texlive-combined-full-2021-final/share/texmf/fonts/type1/public
/amsfonts/cm/cmmi10.pfb></nix/store/bzxs6pkiwwpbp215w3lbdl24z9j6cmlp-texlive-co
mbined-full-2021-final/share/texmf/fonts/type1/public/amsfonts/cm/cmmi7.pfb></n
ix/store/bzxs6pkiwwpbp215w3lbdl24z9j6cmlp-texlive-combined-full-2021-final/shar
e/texmf/fonts/type1/public/amsfonts/cm/cmr10.pfb></nix/store/bzxs6pkiwwpbp215w3
lbdl24z9j6cmlp-texlive-combined-full-2021-final/share/texmf/fonts/type1/public/
amsfonts/cm/cmsy10.pfb></nix/store/bzxs6pkiwwpbp215w3lbdl24z9j6cmlp-texlive-com
bined-full-2021-final/share/texmf/fonts/type1/public/amsfonts/cm/cmti10.pfb>
Output written on problem.fr.pdf (2 pages, 69950 bytes).
PDF statistics:
 44 PDF objects out of 1000 (max. 8388607)
 27 compressed objects within 1 object stream
 0 named destinations out of 1000 (max. 500000)
 13 words of extra memory for PDF output out of 10000 (max. 10000000)

